Version SISSO.3.0.2, June, 2020.
================================================================================

Reading data from train.dat ...
Reading parameters from SISSO.in: 
--------------------------------------------------------------------------------
Restarts :     F
Descriptor dimension:        3
Property type:     1
Total number of properties:        1
Task_weighting:        1
Number of samples for each property:        5
Number of scalar features:        3
Number of recursive calls for feature transformation (rung of the feature space):        2
Max feature complexity (number of operators in a feature):       10
Number of dimension(unit)-type (for dimension analysis):        2
Dimension type for each primary feature: 
  1.00  0.00
  1.00  0.00
  0.00  1.00
Lower bound of the max abs. data value for the selected features:     0.10000E-02
Upper bound of the max abs. data value for the selected features:     0.10000E+06
Size of the SIS-selected (single) subspace :        7       7       7
Operators for feature construction: (+)(-)(*)(/)(exp)(exp-)(^-1)(^2)(^3)(sqrt)(log)(|-|)(^6)(sin)(cos) (+)(-)(*)(/)(exp)(exp-)(^-1)(^2)(^3)(sqrt)(log)(|-|)(^6)(sin)(cos) 
Method for sparsification:  L0        
Number of the top ranked models to output:      100
Fitting intercept?      T
Metric for model selection: RMSE
--------------------------------------------------------------------------------

Feature Construction and Descriptor Identification (FCDI) starts ...

iteration:   1
--------------------------------------------------------------------------------
FC starts ...
Standard Deviation (SD) of property 001:    1.07688
Total number of features in the space phi00:              3
Total number of features in the space phi01:             46
Total number of features in the space phi02:           3690
Size of the SIS-selected subspace from phi02:          7
Wall-clock time (second) for this FC:            0.00
FC done!

DI starts ...
total number of SIS-selected features from all iterations:          7
L0 starts ...

Model/descriptor for generating residual:
================================================================================
  1D descriptor (model): 
Total RMSE,MaxAE:   0.104831  0.178033
@@@descriptor: 
                      1:[((F1*F2)/log(F3))]
       coefficients_001:    -0.1802922160E+01
          Intercept_001:     0.7505553618E+00
         RMSE,MaxAE_001:     0.1048311780E+00    0.1780325505E+00
================================================================================
Wall-clock time (second) for this DI:            0.00
DI done!

iteration:   2
--------------------------------------------------------------------------------
FC starts ...
File containing the features to be rejected: feature_space/Uspace.name
Total number of features in the space phi00:              3
Total number of features in the space phi01:             46
Total number of features in the space phi02:           3690
Size of the SIS-selected subspace from phi02:          7
Wall-clock time (second) for this FC:            0.01
FC done!

DI starts ...
total number of SIS-selected features from all iterations:         14
L0 starts ...

Model/descriptor for generating residual:
================================================================================
  2D descriptor (model): 
Total RMSE,MaxAE:   0.003268  0.004656
@@@descriptor: 
                      3:[((F1*F2))^2]
                      8:[(abs(F1-F2))^-1]
       coefficients_001:     0.6364806189E+01    0.9191542114E-02
          Intercept_001:     0.6748801072E+00
         RMSE,MaxAE_001:     0.3268399095E-02    0.4655792920E-02
================================================================================
Wall-clock time (second) for this DI:            0.01
DI done!

iteration:   3
--------------------------------------------------------------------------------
FC starts ...
File containing the features to be rejected: feature_space/Uspace.name
Total number of features in the space phi00:              3
Total number of features in the space phi01:             46
Total number of features in the space phi02:           3690
Size of the SIS-selected subspace from phi02:          7
Wall-clock time (second) for this FC:            0.01
FC done!

DI starts ...
total number of SIS-selected features from all iterations:         21
L0 starts ...

Final model/descriptor to report
================================================================================
  3D descriptor (model): 
Total RMSE,MaxAE:   0.000083  0.000137
@@@descriptor: 
                      5:[((F2)^6/log(F1))]
                     12:[(exp(-F3)/abs(F1-F2))]
                     16:[((F1)^3/(F1-F2))]
       coefficients_001:    -0.2813852886E+01    0.2638598223E-01    0.4721473413E-02
          Intercept_001:     0.6547943803E+00
         RMSE,MaxAE_001:     0.8272942564E-04    0.1372716760E-03
================================================================================
Wall-clock time (second) for this DI:            0.01
DI done!

FCDI done !

--------------------------------------------------------------------------------
Total wall-clock time (second):            0.75

                                               Have a nice day !    

